{"/Users/amitchauhan/Documents/code/todo-list/server/constants.ts": {"path":"/Users/amitchauhan/Documents/code/todo-list/server/constants.ts","statementMap":{"0":{"start":{"line":1,"column":0},"end":{"line":1,"column":null}},"1":{"start":{"line":2,"column":4},"end":{"line":2,"column":null}},"2":{"start":{"line":3,"column":4},"end":{"line":3,"column":null}},"3":{"start":{"line":4,"column":4},"end":{"line":4,"column":null}}},"fnMap":{"0":{"name":"(anonymous_0)","decl":{"start":{"line":1,"column":0},"end":{"line":1,"column":12}},"loc":{"start":{"line":1,"column":18},"end":{"line":5,"column":1}}}},"branchMap":{"0":{"loc":{"start":{"line":1,"column":12},"end":{"line":1,"column":null}},"type":"binary-expr","locations":[{"start":{"line":1,"column":12},"end":{"line":1,"column":18}},{"start":{"line":1,"column":18},"end":{"line":1,"column":null}}]}},"s":{"0":2,"1":2,"2":2,"3":2},"f":{"0":2},"b":{"0":[2,2]}}
,"/Users/amitchauhan/Documents/code/todo-list/server/server.ts": {"path":"/Users/amitchauhan/Documents/code/todo-list/server/server.ts","statementMap":{"0":{"start":{"line":1,"column":0},"end":{"line":1,"column":30}},"1":{"start":{"line":2,"column":0},"end":{"line":2,"column":37}},"2":{"start":{"line":3,"column":0},"end":{"line":3,"column":38}},"3":{"start":{"line":4,"column":0},"end":{"line":4,"column":66}},"4":{"start":{"line":5,"column":0},"end":{"line":5,"column":40}},"5":{"start":{"line":6,"column":0},"end":{"line":6,"column":39}},"6":{"start":{"line":7,"column":0},"end":{"line":7,"column":39}},"7":{"start":{"line":15,"column":12},"end":{"line":15,"column":21}},"8":{"start":{"line":16,"column":13},"end":{"line":16,"column":17}},"9":{"start":{"line":18,"column":0},"end":{"line":18,"column":27}},"10":{"start":{"line":20,"column":0},"end":{"line":31,"column":2}},"11":{"start":{"line":33,"column":0},"end":{"line":33,"column":33}},"12":{"start":{"line":34,"column":0},"end":{"line":34,"column":33}},"13":{"start":{"line":36,"column":15},"end":{"line":38,"column":2}},"14":{"start":{"line":37,"column":4},"end":{"line":37,"column":49}},"15":{"start":{"line":40,"column":26},"end":{"line":42,"column":1}},"16":{"start":{"line":41,"column":4},"end":{"line":41,"column":19}},"17":{"start":{"line":40,"column":13},"end":{"line":40,"column":26}},"18":{"start":{"line":44,"column":0},"end":{"line":44,"column":19}}},"fnMap":{"0":{"name":"(anonymous_1)","decl":{"start":{"line":36,"column":32},"end":{"line":36,"column":35}},"loc":{"start":{"line":36,"column":37},"end":{"line":38,"column":1}}},"1":{"name":"(anonymous_2)","decl":{"start":{"line":40,"column":26},"end":{"line":40,"column":29}},"loc":{"start":{"line":40,"column":31},"end":{"line":42,"column":1}}}},"branchMap":{"0":{"loc":{"start":{"line":26,"column":15},"end":{"line":29,"column":10}},"type":"cond-expr","locations":[{"start":{"line":26,"column":49},"end":{"line":26,"column":58}},{"start":{"line":26,"column":61},"end":{"line":29,"column":10}}]}},"s":{"0":2,"1":2,"2":2,"3":2,"4":2,"5":2,"6":2,"7":2,"8":2,"9":2,"10":2,"11":2,"12":2,"13":2,"14":2,"15":2,"16":2,"17":2,"18":2},"f":{"0":2,"1":2},"b":{"0":[2,0]}}
,"/Users/amitchauhan/Documents/code/todo-list/server/controllers/auth.ts": {"path":"/Users/amitchauhan/Documents/code/todo-list/server/controllers/auth.ts","statementMap":{"0":{"start":{"line":2,"column":0},"end":{"line":2,"column":41}},"1":{"start":{"line":3,"column":0},"end":{"line":3,"column":62}},"2":{"start":{"line":4,"column":0},"end":{"line":4,"column":60}},"3":{"start":{"line":5,"column":0},"end":{"line":5,"column":19}},"4":{"start":{"line":12,"column":22},"end":{"line":29,"column":2}},"5":{"start":{"line":12,"column":60},"end":{"line":29,"column":2}},"6":{"start":{"line":13,"column":4},"end":{"line":28,"column":5}},"7":{"start":{"line":14,"column":35},"end":{"line":14,"column":63}},"8":{"start":{"line":15,"column":21},"end":{"line":20,"column":10}},"9":{"start":{"line":21,"column":8},"end":{"line":21,"column":35}},"10":{"start":{"line":23,"column":8},"end":{"line":27,"column":9}},"11":{"start":{"line":24,"column":12},"end":{"line":24,"column":45}},"12":{"start":{"line":26,"column":12},"end":{"line":26,"column":51}},"13":{"start":{"line":12,"column":13},"end":{"line":12,"column":22}},"14":{"start":{"line":31,"column":21},"end":{"line":56,"column":2}},"15":{"start":{"line":31,"column":59},"end":{"line":56,"column":2}},"16":{"start":{"line":32,"column":4},"end":{"line":55,"column":5}},"17":{"start":{"line":33,"column":35},"end":{"line":33,"column":62}},"18":{"start":{"line":34,"column":21},"end":{"line":34,"column":70}},"19":{"start":{"line":36,"column":8},"end":{"line":48,"column":9}},"20":{"start":{"line":37,"column":12},"end":{"line":45,"column":13}},"21":{"start":{"line":38,"column":16},"end":{"line":42,"column":19}},"22":{"start":{"line":39,"column":20},"end":{"line":39,"column":50}},"23":{"start":{"line":40,"column":20},"end":{"line":40,"column":null}},"24":{"start":{"line":41,"column":20},"end":{"line":41,"column":47}},"25":{"start":{"line":44,"column":16},"end":{"line":44,"column":57}},"26":{"start":{"line":47,"column":12},"end":{"line":47,"column":55}},"27":{"start":{"line":50,"column":8},"end":{"line":54,"column":9}},"28":{"start":{"line":51,"column":12},"end":{"line":51,"column":45}},"29":{"start":{"line":53,"column":12},"end":{"line":53,"column":49}},"30":{"start":{"line":31,"column":13},"end":{"line":31,"column":21}},"31":{"start":{"line":58,"column":22},"end":{"line":62,"column":1}},"32":{"start":{"line":59,"column":4},"end":{"line":61,"column":7}},"33":{"start":{"line":60,"column":8},"end":{"line":60,"column":28}},"34":{"start":{"line":58,"column":13},"end":{"line":58,"column":22}},"35":{"start":{"line":64,"column":23},"end":{"line":70,"column":1}},"36":{"start":{"line":65,"column":4},"end":{"line":69,"column":5}},"37":{"start":{"line":66,"column":8},"end":{"line":66,"column":49}},"38":{"start":{"line":68,"column":8},"end":{"line":68,"column":28}},"39":{"start":{"line":64,"column":13},"end":{"line":64,"column":23}},"40":{"start":{"line":73,"column":30},"end":{"line":88,"column":2}},"41":{"start":{"line":73,"column":68},"end":{"line":88,"column":2}},"42":{"start":{"line":74,"column":4},"end":{"line":87,"column":5}},"43":{"start":{"line":75,"column":21},"end":{"line":83,"column":10}},"44":{"start":{"line":84,"column":8},"end":{"line":84,"column":23}},"45":{"start":{"line":86,"column":8},"end":{"line":86,"column":28}},"46":{"start":{"line":73,"column":13},"end":{"line":73,"column":30}},"47":{"start":{"line":90,"column":31},"end":{"line":104,"column":2}},"48":{"start":{"line":90,"column":69},"end":{"line":104,"column":2}},"49":{"start":{"line":91,"column":4},"end":{"line":91,"column":58}},"50":{"start":{"line":92,"column":4},"end":{"line":103,"column":5}},"51":{"start":{"line":93,"column":34},"end":{"line":93,"column":42}},"52":{"start":{"line":94,"column":21},"end":{"line":99,"column":10}},"53":{"start":{"line":100,"column":8},"end":{"line":100,"column":35}},"54":{"start":{"line":102,"column":8},"end":{"line":102,"column":28}},"55":{"start":{"line":90,"column":13},"end":{"line":90,"column":31}}},"fnMap":{"0":{"name":"(anonymous_8)","decl":{"start":{"line":12,"column":22},"end":{"line":12,"column":29}},"loc":{"start":{"line":12,"column":60},"end":{"line":29,"column":2}}},"1":{"name":"(anonymous_9)","decl":{"start":{"line":12,"column":60},"end":{"line":12,"column":null}},"loc":{"start":{"line":12,"column":60},"end":{"line":29,"column":1}}},"2":{"name":"(anonymous_10)","decl":{"start":{"line":31,"column":21},"end":{"line":31,"column":28}},"loc":{"start":{"line":31,"column":59},"end":{"line":56,"column":2}}},"3":{"name":"(anonymous_11)","decl":{"start":{"line":31,"column":59},"end":{"line":31,"column":null}},"loc":{"start":{"line":31,"column":59},"end":{"line":56,"column":1}}},"4":{"name":"(anonymous_12)","decl":{"start":{"line":38,"column":39},"end":{"line":38,"column":42}},"loc":{"start":{"line":38,"column":44},"end":{"line":42,"column":17}}},"5":{"name":"(anonymous_13)","decl":{"start":{"line":58,"column":22},"end":{"line":58,"column":23}},"loc":{"start":{"line":58,"column":54},"end":{"line":62,"column":1}}},"6":{"name":"(anonymous_14)","decl":{"start":{"line":59,"column":27},"end":{"line":59,"column":30}},"loc":{"start":{"line":59,"column":32},"end":{"line":61,"column":5}}},"7":{"name":"(anonymous_15)","decl":{"start":{"line":64,"column":23},"end":{"line":64,"column":24}},"loc":{"start":{"line":64,"column":55},"end":{"line":70,"column":1}}},"8":{"name":"(anonymous_16)","decl":{"start":{"line":73,"column":30},"end":{"line":73,"column":37}},"loc":{"start":{"line":73,"column":68},"end":{"line":88,"column":2}}},"9":{"name":"(anonymous_17)","decl":{"start":{"line":73,"column":68},"end":{"line":73,"column":null}},"loc":{"start":{"line":73,"column":68},"end":{"line":88,"column":1}}},"10":{"name":"(anonymous_18)","decl":{"start":{"line":90,"column":31},"end":{"line":90,"column":38}},"loc":{"start":{"line":90,"column":69},"end":{"line":104,"column":2}}},"11":{"name":"(anonymous_19)","decl":{"start":{"line":90,"column":69},"end":{"line":90,"column":null}},"loc":{"start":{"line":90,"column":69},"end":{"line":104,"column":1}}}},"branchMap":{"0":{"loc":{"start":{"line":21,"column":23},"end":{"line":21,"column":31}},"type":"cond-expr","locations":[{"start":{"line":21,"column":27},"end":{"line":21,"column":29}},{"start":{"line":21,"column":23},"end":{"line":21,"column":31}}]},"1":{"loc":{"start":{"line":21,"column":23},"end":{"line":21,"column":29}},"type":"binary-expr","locations":[{"start":{"line":21,"column":23},"end":{"line":21,"column":29}},{"start":{"line":21,"column":23},"end":{"line":21,"column":29}}]},"2":{"loc":{"start":{"line":23,"column":8},"end":{"line":27,"column":9}},"type":"if","locations":[{"start":{"line":23,"column":8},"end":{"line":27,"column":9}},{"start":{"line":25,"column":15},"end":{"line":27,"column":9}}]},"3":{"loc":{"start":{"line":36,"column":8},"end":{"line":48,"column":9}},"type":"if","locations":[{"start":{"line":36,"column":8},"end":{"line":48,"column":9}},{"start":{"line":46,"column":15},"end":{"line":48,"column":9}}]},"4":{"loc":{"start":{"line":36,"column":12},"end":{"line":36,"column":20}},"type":"cond-expr","locations":[{"start":{"line":36,"column":16},"end":{"line":36,"column":18}},{"start":{"line":36,"column":12},"end":{"line":36,"column":20}}]},"5":{"loc":{"start":{"line":36,"column":12},"end":{"line":36,"column":18}},"type":"binary-expr","locations":[{"start":{"line":36,"column":12},"end":{"line":36,"column":18}},{"start":{"line":36,"column":12},"end":{"line":36,"column":18}}]},"6":{"loc":{"start":{"line":37,"column":12},"end":{"line":45,"column":13}},"type":"if","locations":[{"start":{"line":37,"column":12},"end":{"line":45,"column":13}},{"start":{"line":43,"column":19},"end":{"line":45,"column":13}}]},"7":{"loc":{"start":{"line":39,"column":41},"end":{"line":39,"column":49}},"type":"cond-expr","locations":[{"start":{"line":39,"column":45},"end":{"line":39,"column":47}},{"start":{"line":39,"column":41},"end":{"line":39,"column":49}}]},"8":{"loc":{"start":{"line":39,"column":41},"end":{"line":39,"column":47}},"type":"binary-expr","locations":[{"start":{"line":39,"column":41},"end":{"line":39,"column":47}},{"start":{"line":39,"column":41},"end":{"line":39,"column":47}}]},"9":{"loc":{"start":{"line":41,"column":35},"end":{"line":41,"column":43}},"type":"cond-expr","locations":[{"start":{"line":41,"column":39},"end":{"line":41,"column":41}},{"start":{"line":41,"column":35},"end":{"line":41,"column":43}}]},"10":{"loc":{"start":{"line":41,"column":35},"end":{"line":41,"column":41}},"type":"binary-expr","locations":[{"start":{"line":41,"column":35},"end":{"line":41,"column":41}},{"start":{"line":41,"column":35},"end":{"line":41,"column":41}}]},"11":{"loc":{"start":{"line":50,"column":8},"end":{"line":54,"column":9}},"type":"if","locations":[{"start":{"line":50,"column":8},"end":{"line":54,"column":9}},{"start":{"line":52,"column":15},"end":{"line":54,"column":9}}]},"12":{"loc":{"start":{"line":65,"column":4},"end":{"line":69,"column":5}},"type":"if","locations":[{"start":{"line":65,"column":4},"end":{"line":69,"column":5}},{"start":{"line":67,"column":11},"end":{"line":69,"column":5}}]},"13":{"loc":{"start":{"line":74,"column":4},"end":{"line":87,"column":5}},"type":"if","locations":[{"start":{"line":74,"column":4},"end":{"line":87,"column":5}},{"start":{"line":85,"column":11},"end":{"line":87,"column":5}}]},"14":{"loc":{"start":{"line":92,"column":4},"end":{"line":103,"column":5}},"type":"if","locations":[{"start":{"line":92,"column":4},"end":{"line":103,"column":5}},{"start":{"line":101,"column":11},"end":{"line":103,"column":5}}]},"15":{"loc":{"start":{"line":100,"column":23},"end":{"line":100,"column":31}},"type":"cond-expr","locations":[{"start":{"line":100,"column":27},"end":{"line":100,"column":29}},{"start":{"line":100,"column":23},"end":{"line":100,"column":31}}]},"16":{"loc":{"start":{"line":100,"column":23},"end":{"line":100,"column":29}},"type":"binary-expr","locations":[{"start":{"line":100,"column":23},"end":{"line":100,"column":29}},{"start":{"line":100,"column":23},"end":{"line":100,"column":29}}]}},"s":{"0":2,"1":2,"2":2,"3":2,"4":2,"5":2,"6":2,"7":2,"8":1,"9":1,"10":1,"11":1,"12":0,"13":2,"14":2,"15":17,"16":17,"17":17,"18":17,"19":17,"20":16,"21":15,"22":15,"23":15,"24":15,"25":1,"26":1,"27":0,"28":0,"29":0,"30":2,"31":2,"32":1,"33":1,"34":2,"35":2,"36":1,"37":1,"38":0,"39":2,"40":2,"41":1,"42":1,"43":1,"44":1,"45":0,"46":2,"47":2,"48":1,"49":1,"50":1,"51":1,"52":1,"53":1,"54":0,"55":2},"f":{"0":2,"1":2,"2":17,"3":17,"4":15,"5":1,"6":1,"7":1,"8":1,"9":1,"10":1,"11":1},"b":{"0":[0,1],"1":[1,1],"2":[1,0],"3":[16,1],"4":[1,16],"5":[17,16],"6":[15,1],"7":[0,15],"8":[15,15],"9":[0,15],"10":[15,15],"11":[0,0],"12":[1,0],"13":[1,0],"14":[1,0],"15":[0,1],"16":[1,1]}}
,"/Users/amitchauhan/Documents/code/todo-list/server/controllers/todo.ts": {"path":"/Users/amitchauhan/Documents/code/todo-list/server/controllers/todo.ts","statementMap":{"0":{"start":{"line":2,"column":0},"end":{"line":2,"column":41}},"1":{"start":{"line":3,"column":0},"end":{"line":3,"column":38}},"2":{"start":{"line":4,"column":0},"end":{"line":4,"column":45}},"3":{"start":{"line":5,"column":0},"end":{"line":5,"column":20}},"4":{"start":{"line":17,"column":27},"end":{"line":40,"column":2}},"5":{"start":{"line":17,"column":65},"end":{"line":40,"column":2}},"6":{"start":{"line":18,"column":72},"end":{"line":18,"column":88}},"7":{"start":{"line":19,"column":4},"end":{"line":39,"column":5}},"8":{"start":{"line":20,"column":22},"end":{"line":35,"column":10}},"9":{"start":{"line":36,"column":8},"end":{"line":36,"column":24}},"10":{"start":{"line":38,"column":8},"end":{"line":38,"column":53}},"11":{"start":{"line":17,"column":13},"end":{"line":17,"column":27}},"12":{"start":{"line":42,"column":26},"end":{"line":65,"column":2}},"13":{"start":{"line":42,"column":64},"end":{"line":65,"column":2}},"14":{"start":{"line":43,"column":4},"end":{"line":64,"column":5}},"15":{"start":{"line":44,"column":60},"end":{"line":44,"column":86}},"16":{"start":{"line":45,"column":8},"end":{"line":57,"column":9}},"17":{"start":{"line":46,"column":25},"end":{"line":53,"column":14}},"18":{"start":{"line":54,"column":12},"end":{"line":54,"column":27}},"19":{"start":{"line":56,"column":12},"end":{"line":56,"column":32}},"20":{"start":{"line":59,"column":8},"end":{"line":63,"column":9}},"21":{"start":{"line":60,"column":12},"end":{"line":60,"column":45}},"22":{"start":{"line":62,"column":12},"end":{"line":62,"column":57}},"23":{"start":{"line":42,"column":13},"end":{"line":42,"column":26}},"24":{"start":{"line":67,"column":26},"end":{"line":87,"column":2}},"25":{"start":{"line":67,"column":64},"end":{"line":87,"column":2}},"26":{"start":{"line":68,"column":19},"end":{"line":68,"column":50}},"27":{"start":{"line":69,"column":4},"end":{"line":86,"column":5}},"28":{"start":{"line":70,"column":47},"end":{"line":70,"column":73}},"29":{"start":{"line":71,"column":8},"end":{"line":79,"column":9}},"30":{"start":{"line":72,"column":25},"end":{"line":75,"column":14}},"31":{"start":{"line":76,"column":12},"end":{"line":76,"column":27}},"32":{"start":{"line":78,"column":12},"end":{"line":78,"column":32}},"33":{"start":{"line":81,"column":8},"end":{"line":85,"column":9}},"34":{"start":{"line":82,"column":12},"end":{"line":82,"column":45}},"35":{"start":{"line":84,"column":12},"end":{"line":84,"column":72}},"36":{"start":{"line":67,"column":13},"end":{"line":67,"column":26}},"37":{"start":{"line":89,"column":26},"end":{"line":103,"column":2}},"38":{"start":{"line":89,"column":64},"end":{"line":103,"column":2}},"39":{"start":{"line":90,"column":19},"end":{"line":90,"column":50}},"40":{"start":{"line":91,"column":4},"end":{"line":102,"column":5}},"41":{"start":{"line":92,"column":8},"end":{"line":99,"column":9}},"42":{"start":{"line":93,"column":12},"end":{"line":95,"column":15}},"43":{"start":{"line":96,"column":12},"end":{"line":96,"column":32}},"44":{"start":{"line":98,"column":12},"end":{"line":98,"column":32}},"45":{"start":{"line":101,"column":8},"end":{"line":101,"column":53}},"46":{"start":{"line":89,"column":13},"end":{"line":89,"column":26}}},"fnMap":{"0":{"name":"(anonymous_8)","decl":{"start":{"line":17,"column":27},"end":{"line":17,"column":34}},"loc":{"start":{"line":17,"column":65},"end":{"line":40,"column":2}}},"1":{"name":"(anonymous_9)","decl":{"start":{"line":17,"column":65},"end":{"line":17,"column":null}},"loc":{"start":{"line":17,"column":65},"end":{"line":40,"column":1}}},"2":{"name":"(anonymous_10)","decl":{"start":{"line":42,"column":26},"end":{"line":42,"column":33}},"loc":{"start":{"line":42,"column":64},"end":{"line":65,"column":2}}},"3":{"name":"(anonymous_11)","decl":{"start":{"line":42,"column":64},"end":{"line":42,"column":null}},"loc":{"start":{"line":42,"column":64},"end":{"line":65,"column":1}}},"4":{"name":"(anonymous_12)","decl":{"start":{"line":67,"column":26},"end":{"line":67,"column":33}},"loc":{"start":{"line":67,"column":64},"end":{"line":87,"column":2}}},"5":{"name":"(anonymous_13)","decl":{"start":{"line":67,"column":64},"end":{"line":67,"column":null}},"loc":{"start":{"line":67,"column":64},"end":{"line":87,"column":1}}},"6":{"name":"(anonymous_14)","decl":{"start":{"line":89,"column":26},"end":{"line":89,"column":33}},"loc":{"start":{"line":89,"column":64},"end":{"line":103,"column":2}}},"7":{"name":"(anonymous_15)","decl":{"start":{"line":89,"column":64},"end":{"line":89,"column":null}},"loc":{"start":{"line":89,"column":64},"end":{"line":103,"column":1}}}},"branchMap":{"0":{"loc":{"start":{"line":18,"column":20},"end":{"line":18,"column":31}},"type":"default-arg","locations":[{"start":{"line":18,"column":29},"end":{"line":18,"column":31}}]},"1":{"loc":{"start":{"line":22,"column":52},"end":{"line":22,"column":71}},"type":"binary-expr","locations":[{"start":{"line":22,"column":52},"end":{"line":22,"column":58}},{"start":{"line":22,"column":62},"end":{"line":22,"column":71}}]},"2":{"loc":{"start":{"line":44,"column":36},"end":{"line":44,"column":55}},"type":"default-arg","locations":[{"start":{"line":44,"column":45},"end":{"line":44,"column":55}}]},"3":{"loc":{"start":{"line":45,"column":8},"end":{"line":57,"column":9}},"type":"if","locations":[{"start":{"line":45,"column":8},"end":{"line":57,"column":9}},{"start":{"line":55,"column":15},"end":{"line":57,"column":9}}]},"4":{"loc":{"start":{"line":45,"column":12},"end":{"line":45,"column":54}},"type":"binary-expr","locations":[{"start":{"line":45,"column":12},"end":{"line":45,"column":30}},{"start":{"line":45,"column":34},"end":{"line":45,"column":39}},{"start":{"line":45,"column":43},"end":{"line":45,"column":54}}]},"5":{"loc":{"start":{"line":59,"column":8},"end":{"line":63,"column":9}},"type":"if","locations":[{"start":{"line":59,"column":8},"end":{"line":63,"column":9}},{"start":{"line":61,"column":15},"end":{"line":63,"column":9}}]},"6":{"loc":{"start":{"line":71,"column":8},"end":{"line":79,"column":9}},"type":"if","locations":[{"start":{"line":71,"column":8},"end":{"line":79,"column":9}},{"start":{"line":77,"column":15},"end":{"line":79,"column":9}}]},"7":{"loc":{"start":{"line":71,"column":12},"end":{"line":71,"column":54}},"type":"binary-expr","locations":[{"start":{"line":71,"column":12},"end":{"line":71,"column":30}},{"start":{"line":71,"column":34},"end":{"line":71,"column":39}},{"start":{"line":71,"column":43},"end":{"line":71,"column":54}}]},"8":{"loc":{"start":{"line":81,"column":8},"end":{"line":85,"column":9}},"type":"if","locations":[{"start":{"line":81,"column":8},"end":{"line":85,"column":9}},{"start":{"line":83,"column":15},"end":{"line":85,"column":9}}]},"9":{"loc":{"start":{"line":84,"column":33},"end":{"line":84,"column":70}},"type":"binary-expr","locations":[{"start":{"line":84,"column":33},"end":{"line":84,"column":44}},{"start":{"line":84,"column":48},"end":{"line":84,"column":70}}]},"10":{"loc":{"start":{"line":92,"column":8},"end":{"line":99,"column":9}},"type":"if","locations":[{"start":{"line":92,"column":8},"end":{"line":99,"column":9}},{"start":{"line":97,"column":15},"end":{"line":99,"column":9}}]}},"s":{"0":2,"1":2,"2":2,"3":2,"4":2,"5":2,"6":2,"7":2,"8":2,"9":1,"10":1,"11":2,"12":2,"13":3,"14":3,"15":3,"16":2,"17":2,"18":1,"19":0,"20":2,"21":1,"22":1,"23":2,"24":2,"25":3,"26":3,"27":3,"28":3,"29":2,"30":2,"31":1,"32":0,"33":2,"34":1,"35":1,"36":2,"37":2,"38":2,"39":2,"40":2,"41":2,"42":2,"43":1,"44":0,"45":1,"46":2},"f":{"0":2,"1":2,"2":3,"3":3,"4":3,"5":3,"6":2,"7":2},"b":{"0":[2],"1":[2,2],"2":[1],"3":[2,0],"4":[2,2,2],"5":[1,1],"6":[2,0],"7":[2,2,2],"8":[1,1],"9":[1,0],"10":[2,0]}}
,"/Users/amitchauhan/Documents/code/todo-list/server/middleware/auth.ts": {"path":"/Users/amitchauhan/Documents/code/todo-list/server/middleware/auth.ts","statementMap":{"0":{"start":{"line":3,"column":27},"end":{"line":9,"column":1}},"1":{"start":{"line":4,"column":4},"end":{"line":4,"column":58}},"2":{"start":{"line":5,"column":4},"end":{"line":7,"column":5}},"3":{"start":{"line":6,"column":8},"end":{"line":6,"column":61}},"4":{"start":{"line":8,"column":4},"end":{"line":8,"column":11}},"5":{"start":{"line":3,"column":13},"end":{"line":3,"column":27}}},"fnMap":{"0":{"name":"(anonymous_0)","decl":{"start":{"line":3,"column":27},"end":{"line":3,"column":28}},"loc":{"start":{"line":3,"column":79},"end":{"line":9,"column":1}}}},"branchMap":{"0":{"loc":{"start":{"line":5,"column":4},"end":{"line":7,"column":5}},"type":"if","locations":[{"start":{"line":5,"column":4},"end":{"line":7,"column":5}}]}},"s":{"0":2,"1":16,"2":16,"3":3,"4":13,"5":2},"f":{"0":16},"b":{"0":[3]}}
,"/Users/amitchauhan/Documents/code/todo-list/server/routes/auth.ts": {"path":"/Users/amitchauhan/Documents/code/todo-list/server/routes/auth.ts","statementMap":{"0":{"start":{"line":1,"column":0},"end":{"line":1,"column":33}},"1":{"start":{"line":2,"column":0},"end":{"line":2,"column":102}},"2":{"start":{"line":3,"column":0},"end":{"line":3,"column":49}},"3":{"start":{"line":5,"column":15},"end":{"line":5,"column":23}},"4":{"start":{"line":7,"column":0},"end":{"line":7,"column":29}},"5":{"start":{"line":8,"column":0},"end":{"line":8,"column":32}},"6":{"start":{"line":9,"column":0},"end":{"line":9,"column":31}},"7":{"start":{"line":10,"column":0},"end":{"line":10,"column":42}},"8":{"start":{"line":11,"column":0},"end":{"line":11,"column":57}},"9":{"start":{"line":12,"column":0},"end":{"line":12,"column":59}},"10":{"start":{"line":14,"column":0},"end":{"line":14,"column":22}}},"fnMap":{},"branchMap":{},"s":{"0":2,"1":2,"2":2,"3":2,"4":2,"5":2,"6":2,"7":2,"8":2,"9":2,"10":2},"f":{},"b":{}}
,"/Users/amitchauhan/Documents/code/todo-list/server/routes/todo.ts": {"path":"/Users/amitchauhan/Documents/code/todo-list/server/routes/todo.ts","statementMap":{"0":{"start":{"line":1,"column":0},"end":{"line":1,"column":33}},"1":{"start":{"line":2,"column":0},"end":{"line":2,"column":86}},"2":{"start":{"line":3,"column":0},"end":{"line":3,"column":49}},"3":{"start":{"line":5,"column":15},"end":{"line":5,"column":23}},"4":{"start":{"line":7,"column":0},"end":{"line":7,"column":46}},"5":{"start":{"line":8,"column":0},"end":{"line":8,"column":42}},"6":{"start":{"line":9,"column":0},"end":{"line":9,"column":44}},"7":{"start":{"line":10,"column":0},"end":{"line":10,"column":47}},"8":{"start":{"line":12,"column":0},"end":{"line":12,"column":22}}},"fnMap":{},"branchMap":{},"s":{"0":2,"1":2,"2":2,"3":2,"4":2,"5":2,"6":2,"7":2,"8":2},"f":{},"b":{}}
,"/Users/amitchauhan/Documents/code/todo-list/server/schemas/auth.ts": {"path":"/Users/amitchauhan/Documents/code/todo-list/server/schemas/auth.ts","statementMap":{"0":{"start":{"line":1,"column":0},"end":{"line":1,"column":24}},"1":{"start":{"line":3,"column":13},"end":{"line":6,"column":3}},"2":{"start":{"line":8,"column":13},"end":{"line":11,"column":3}}},"fnMap":{},"branchMap":{},"s":{"0":2,"1":2,"2":2},"f":{},"b":{}}
,"/Users/amitchauhan/Documents/code/todo-list/server/schemas/todo.ts": {"path":"/Users/amitchauhan/Documents/code/todo-list/server/schemas/todo.ts","statementMap":{"0":{"start":{"line":1,"column":0},"end":{"line":1,"column":24}},"1":{"start":{"line":2,"column":0},"end":{"line":2,"column":38}},"2":{"start":{"line":4,"column":13},"end":{"line":8,"column":3}}},"fnMap":{},"branchMap":{},"s":{"0":2,"1":2,"2":2},"f":{},"b":{}}
,"/Users/amitchauhan/Documents/code/todo-list/server/utils/hash.ts": {"path":"/Users/amitchauhan/Documents/code/todo-list/server/utils/hash.ts","statementMap":{"0":{"start":{"line":1,"column":0},"end":{"line":1,"column":28}},"1":{"start":{"line":4,"column":23},"end":{"line":4,"column":25}},"2":{"start":{"line":5,"column":27},"end":{"line":5,"column":66}},"3":{"start":{"line":6,"column":4},"end":{"line":6,"column":26}},"4":{"start":{"line":3,"column":0},"end":{"line":3,"column":22}},"5":{"start":{"line":10,"column":20},"end":{"line":10,"column":66}},"6":{"start":{"line":11,"column":4},"end":{"line":11,"column":19}},"7":{"start":{"line":9,"column":0},"end":{"line":9,"column":22}}},"fnMap":{"0":{"name":"hashPassword","decl":{"start":{"line":3,"column":22},"end":{"line":3,"column":34}},"loc":{"start":{"line":3,"column":51},"end":{"line":7,"column":null}}},"1":{"name":"comparePassword","decl":{"start":{"line":9,"column":22},"end":{"line":9,"column":37}},"loc":{"start":{"line":9,"column":78},"end":{"line":12,"column":null}}}},"branchMap":{},"s":{"0":2,"1":2,"2":2,"3":2,"4":2,"5":16,"6":16,"7":2},"f":{"0":2,"1":16},"b":{}}
}
