TN:
SF:constants.ts
FN:1,(anonymous_0)
FNF:1
FNH:1
FNDA:2,(anonymous_0)
DA:1,2
DA:2,2
DA:3,2
DA:4,2
LF:4
LH:4
BRDA:1,0,0,2
BRDA:1,0,1,2
BRF:2
BRH:2
end_of_record
TN:
SF:server.ts
FN:36,(anonymous_1)
FN:40,(anonymous_2)
FNF:2
FNH:2
FNDA:2,(anonymous_1)
FNDA:2,(anonymous_2)
DA:1,2
DA:2,2
DA:3,2
DA:4,2
DA:5,2
DA:6,2
DA:7,2
DA:15,2
DA:16,2
DA:18,2
DA:20,2
DA:33,2
DA:34,2
DA:36,2
DA:37,2
DA:40,2
DA:41,2
DA:44,2
LF:18
LH:18
BRDA:26,0,0,2
BRDA:26,0,1,0
BRF:2
BRH:1
end_of_record
TN:
SF:controllers/auth.ts
FN:12,(anonymous_8)
FN:12,(anonymous_9)
FN:31,(anonymous_10)
FN:31,(anonymous_11)
FN:38,(anonymous_12)
FN:58,(anonymous_13)
FN:59,(anonymous_14)
FN:64,(anonymous_15)
FN:73,(anonymous_16)
FN:73,(anonymous_17)
FN:90,(anonymous_18)
FN:90,(anonymous_19)
FNF:12
FNH:12
FNDA:2,(anonymous_8)
FNDA:2,(anonymous_9)
FNDA:17,(anonymous_10)
FNDA:17,(anonymous_11)
FNDA:15,(anonymous_12)
FNDA:1,(anonymous_13)
FNDA:1,(anonymous_14)
FNDA:1,(anonymous_15)
FNDA:1,(anonymous_16)
FNDA:1,(anonymous_17)
FNDA:1,(anonymous_18)
FNDA:1,(anonymous_19)
DA:2,2
DA:3,2
DA:4,2
DA:5,2
DA:12,2
DA:13,2
DA:14,2
DA:15,1
DA:21,1
DA:23,1
DA:24,1
DA:26,0
DA:31,17
DA:32,17
DA:33,17
DA:34,17
DA:36,17
DA:37,16
DA:38,15
DA:39,15
DA:40,15
DA:41,15
DA:44,1
DA:47,1
DA:50,0
DA:51,0
DA:53,0
DA:58,2
DA:59,1
DA:60,1
DA:64,2
DA:65,1
DA:66,1
DA:68,0
DA:73,2
DA:74,1
DA:75,1
DA:84,1
DA:86,0
DA:90,2
DA:91,1
DA:92,1
DA:93,1
DA:94,1
DA:100,1
DA:102,0
LF:46
LH:39
BRDA:21,0,0,0
BRDA:21,0,1,1
BRDA:21,1,0,1
BRDA:21,1,1,1
BRDA:23,2,0,1
BRDA:23,2,1,0
BRDA:36,3,0,16
BRDA:36,3,1,1
BRDA:36,4,0,1
BRDA:36,4,1,16
BRDA:36,5,0,17
BRDA:36,5,1,16
BRDA:37,6,0,15
BRDA:37,6,1,1
BRDA:39,7,0,0
BRDA:39,7,1,15
BRDA:39,8,0,15
BRDA:39,8,1,15
BRDA:41,9,0,0
BRDA:41,9,1,15
BRDA:41,10,0,15
BRDA:41,10,1,15
BRDA:50,11,0,0
BRDA:50,11,1,0
BRDA:65,12,0,1
BRDA:65,12,1,0
BRDA:74,13,0,1
BRDA:74,13,1,0
BRDA:92,14,0,1
BRDA:92,14,1,0
BRDA:100,15,0,0
BRDA:100,15,1,1
BRDA:100,16,0,1
BRDA:100,16,1,1
BRF:34
BRH:24
end_of_record
TN:
SF:controllers/todo.ts
FN:17,(anonymous_8)
FN:17,(anonymous_9)
FN:42,(anonymous_10)
FN:42,(anonymous_11)
FN:67,(anonymous_12)
FN:67,(anonymous_13)
FN:89,(anonymous_14)
FN:89,(anonymous_15)
FNF:8
FNH:8
FNDA:2,(anonymous_8)
FNDA:2,(anonymous_9)
FNDA:3,(anonymous_10)
FNDA:3,(anonymous_11)
FNDA:3,(anonymous_12)
FNDA:3,(anonymous_13)
FNDA:2,(anonymous_14)
FNDA:2,(anonymous_15)
DA:2,2
DA:3,2
DA:4,2
DA:5,2
DA:17,2
DA:18,2
DA:19,2
DA:20,2
DA:36,1
DA:38,1
DA:42,3
DA:43,3
DA:44,3
DA:45,2
DA:46,2
DA:54,1
DA:56,0
DA:59,2
DA:60,1
DA:62,1
DA:67,3
DA:68,3
DA:69,3
DA:70,3
DA:71,2
DA:72,2
DA:76,1
DA:78,0
DA:81,2
DA:82,1
DA:84,1
DA:89,2
DA:90,2
DA:91,2
DA:92,2
DA:93,2
DA:96,1
DA:98,0
DA:101,1
LF:39
LH:36
BRDA:18,0,0,2
BRDA:22,1,0,2
BRDA:22,1,1,2
BRDA:44,2,0,1
BRDA:45,3,0,2
BRDA:45,3,1,0
BRDA:45,4,0,2
BRDA:45,4,1,2
BRDA:45,4,2,2
BRDA:59,5,0,1
BRDA:59,5,1,1
BRDA:71,6,0,2
BRDA:71,6,1,0
BRDA:71,7,0,2
BRDA:71,7,1,2
BRDA:71,7,2,2
BRDA:81,8,0,1
BRDA:81,8,1,1
BRDA:84,9,0,1
BRDA:84,9,1,0
BRDA:92,10,0,2
BRDA:92,10,1,0
BRF:22
BRH:18
end_of_record
TN:
SF:middleware/auth.ts
FN:3,(anonymous_0)
FNF:1
FNH:1
FNDA:16,(anonymous_0)
DA:3,2
DA:4,16
DA:5,16
DA:6,3
DA:8,13
LF:5
LH:5
BRDA:5,0,0,3
BRF:1
BRH:1
end_of_record
TN:
SF:routes/auth.ts
FNF:0
FNH:0
DA:1,2
DA:2,2
DA:3,2
DA:5,2
DA:7,2
DA:8,2
DA:9,2
DA:10,2
DA:11,2
DA:12,2
DA:14,2
LF:11
LH:11
BRF:0
BRH:0
end_of_record
TN:
SF:routes/todo.ts
FNF:0
FNH:0
DA:1,2
DA:2,2
DA:3,2
DA:5,2
DA:7,2
DA:8,2
DA:9,2
DA:10,2
DA:12,2
LF:9
LH:9
BRF:0
BRH:0
end_of_record
TN:
SF:schemas/auth.ts
FNF:0
FNH:0
DA:1,2
DA:3,2
DA:8,2
LF:3
LH:3
BRF:0
BRH:0
end_of_record
TN:
SF:schemas/todo.ts
FNF:0
FNH:0
DA:1,2
DA:2,2
DA:4,2
LF:3
LH:3
BRF:0
BRH:0
end_of_record
TN:
SF:utils/hash.ts
FN:3,hashPassword
FN:9,comparePassword
FNF:2
FNH:2
FNDA:2,hashPassword
FNDA:16,comparePassword
DA:1,2
DA:3,2
DA:4,2
DA:5,2
DA:6,2
DA:9,2
DA:10,16
DA:11,16
LF:8
LH:8
BRF:0
BRH:0
end_of_record
