{"/Users/amitchauhan/Documents/code/todo-list/client/src/constants.ts": {"path":"/Users/amitchauhan/Documents/code/todo-list/client/src/constants.ts","statementMap":{},"fnMap":{},"branchMap":{},"s":{},"f":{},"b":{},"_coverageSchema":"1a1c01bbd47fc00a2c39e90264f33305004495a9","hash":"6cab5a1fdfd9ce6df98e592e6d0b9fa43499cba3"}
,"/Users/amitchauhan/Documents/code/todo-list/client/src/test-util.tsx": {"path":"/Users/amitchauhan/Documents/code/todo-list/client/src/test-util.tsx","statementMap":{"0":{"start":{"line":6,"column":32},"end":{"line":15,"column":1}},"1":{"start":{"line":7,"column":24},"end":{"line":7,"column":41}},"2":{"start":{"line":8,"column":4},"end":{"line":14,"column":6}}},"fnMap":{"0":{"name":"(anonymous_0)","decl":{"start":{"line":6,"column":32},"end":{"line":6,"column":33}},"loc":{"start":{"line":6,"column":45},"end":{"line":15,"column":1}},"line":6}},"branchMap":{},"s":{"0":5,"1":18,"2":18},"f":{"0":18},"b":{},"_coverageSchema":"1a1c01bbd47fc00a2c39e90264f33305004495a9","hash":"d7d546fc588db0ec0cb2c99f61760ded6b535f82"}
,"/Users/amitchauhan/Documents/code/todo-list/client/src/components/button/index.tsx": {"path":"/Users/amitchauhan/Documents/code/todo-list/client/src/components/button/index.tsx","statementMap":{"0":{"start":{"line":7,"column":38},"end":{"line":13,"column":1}},"1":{"start":{"line":8,"column":4},"end":{"line":12,"column":6}}},"fnMap":{"0":{"name":"(anonymous_0)","decl":{"start":{"line":7,"column":38},"end":{"line":7,"column":39}},"loc":{"start":{"line":7,"column":66},"end":{"line":13,"column":1}},"line":7}},"branchMap":{},"s":{"0":4,"1":50},"f":{"0":50},"b":{},"_coverageSchema":"1a1c01bbd47fc00a2c39e90264f33305004495a9","hash":"e69225d02126edeb97e7b7f755be41c8cd3c924b"}
,"/Users/amitchauhan/Documents/code/todo-list/client/src/components/input/index.tsx": {"path":"/Users/amitchauhan/Documents/code/todo-list/client/src/components/input/index.tsx","statementMap":{"0":{"start":{"line":9,"column":36},"end":{"line":17,"column":1}},"1":{"start":{"line":10,"column":2},"end":{"line":16,"column":4}},"2":{"start":{"line":19,"column":80},"end":{"line":26,"column":1}},"3":{"start":{"line":20,"column":2},"end":{"line":25,"column":4}}},"fnMap":{"0":{"name":"(anonymous_0)","decl":{"start":{"line":9,"column":36},"end":{"line":9,"column":37}},"loc":{"start":{"line":9,"column":92},"end":{"line":17,"column":1}},"line":9},"1":{"name":"(anonymous_1)","decl":{"start":{"line":19,"column":80},"end":{"line":19,"column":81}},"loc":{"start":{"line":19,"column":98},"end":{"line":26,"column":1}},"line":19}},"branchMap":{"0":{"loc":{"start":{"line":9,"column":49},"end":{"line":9,"column":58}},"type":"default-arg","locations":[{"start":{"line":9,"column":56},"end":{"line":9,"column":58}}],"line":9}},"s":{"0":5,"1":58,"2":5,"3":10},"f":{"0":58,"1":10},"b":{"0":[0]},"_coverageSchema":"1a1c01bbd47fc00a2c39e90264f33305004495a9","hash":"ed386ef1b29e52fb906a03fcc5f82a7f1c2bfcc0"}
,"/Users/amitchauhan/Documents/code/todo-list/client/src/pages/create-todo/api.ts": {"path":"/Users/amitchauhan/Documents/code/todo-list/client/src/pages/create-todo/api.ts","statementMap":{"0":{"start":{"line":3,"column":26},"end":{"line":5,"column":1}},"1":{"start":{"line":4,"column":4},"end":{"line":4,"column":41}}},"fnMap":{"0":{"name":"(anonymous_0)","decl":{"start":{"line":3,"column":26},"end":{"line":3,"column":27}},"loc":{"start":{"line":3,"column":82},"end":{"line":5,"column":1}},"line":3}},"branchMap":{},"s":{"0":1,"1":2},"f":{"0":2},"b":{},"_coverageSchema":"1a1c01bbd47fc00a2c39e90264f33305004495a9","hash":"27147ff496ab2fb2bc81c335486b643a23c956d2"}
,"/Users/amitchauhan/Documents/code/todo-list/client/src/pages/create-todo/index.tsx": {"path":"/Users/amitchauhan/Documents/code/todo-list/client/src/pages/create-todo/index.tsx","statementMap":{"0":{"start":{"line":17,"column":29},"end":{"line":61,"column":1}},"1":{"start":{"line":18,"column":60},"end":{"line":18,"column":91}},"2":{"start":{"line":19,"column":19},"end":{"line":19,"column":32}},"3":{"start":{"line":21,"column":19},"end":{"line":30,"column":4}},"4":{"start":{"line":24,"column":6},"end":{"line":24,"column":50}},"5":{"start":{"line":25,"column":6},"end":{"line":25,"column":29}},"6":{"start":{"line":28,"column":6},"end":{"line":28,"column":41}},"7":{"start":{"line":32,"column":56},"end":{"line":34,"column":3}},"8":{"start":{"line":33,"column":4},"end":{"line":33,"column":26}},"9":{"start":{"line":36,"column":2},"end":{"line":60,"column":4}}},"fnMap":{"0":{"name":"(anonymous_0)","decl":{"start":{"line":17,"column":29},"end":{"line":17,"column":30}},"loc":{"start":{"line":17,"column":35},"end":{"line":61,"column":1}},"line":17},"1":{"name":"(anonymous_1)","decl":{"start":{"line":23,"column":15},"end":{"line":23,"column":16}},"loc":{"start":{"line":23,"column":21},"end":{"line":26,"column":5}},"line":23},"2":{"name":"(anonymous_2)","decl":{"start":{"line":27,"column":13},"end":{"line":27,"column":14}},"loc":{"start":{"line":27,"column":19},"end":{"line":29,"column":5}},"line":27},"3":{"name":"(anonymous_3)","decl":{"start":{"line":32,"column":56},"end":{"line":32,"column":57}},"loc":{"start":{"line":32,"column":66},"end":{"line":34,"column":3}},"line":32}},"branchMap":{"0":{"loc":{"start":{"line":46,"column":9},"end":{"line":46,"column":85}},"type":"binary-expr","locations":[{"start":{"line":46,"column":9},"end":{"line":46,"column":21}},{"start":{"line":46,"column":25},"end":{"line":46,"column":85}}],"line":46},"1":{"loc":{"start":{"line":55,"column":9},"end":{"line":55,"column":97}},"type":"binary-expr","locations":[{"start":{"line":55,"column":9},"end":{"line":55,"column":27}},{"start":{"line":55,"column":31},"end":{"line":55,"column":97}}],"line":55}},"s":{"0":1,"1":7,"2":7,"3":7,"4":1,"5":0,"6":2,"7":7,"8":2,"9":7},"f":{"0":7,"1":1,"2":2,"3":2},"b":{"0":[7,1],"1":[7,1]},"_coverageSchema":"1a1c01bbd47fc00a2c39e90264f33305004495a9","hash":"39d1bfa00ad24926e3ded400ecaf98f19d8740f9"}
,"/Users/amitchauhan/Documents/code/todo-list/client/src/pages/login/index.tsx": {"path":"/Users/amitchauhan/Documents/code/todo-list/client/src/pages/login/index.tsx","statementMap":{"0":{"start":{"line":14,"column":14},"end":{"line":71,"column":1}},"1":{"start":{"line":15,"column":19},"end":{"line":15,"column":32}},"2":{"start":{"line":16,"column":22},"end":{"line":16,"column":38}},"3":{"start":{"line":18,"column":60},"end":{"line":18,"column":86}},"4":{"start":{"line":20,"column":32},"end":{"line":31,"column":4}},"5":{"start":{"line":21,"column":43},"end":{"line":21,"column":78}},"6":{"start":{"line":23,"column":6},"end":{"line":25,"column":9}},"7":{"start":{"line":26,"column":6},"end":{"line":26,"column":20}},"8":{"start":{"line":29,"column":6},"end":{"line":29,"column":67}},"9":{"start":{"line":33,"column":51},"end":{"line":35,"column":3}},"10":{"start":{"line":34,"column":4},"end":{"line":34,"column":17}},"11":{"start":{"line":37,"column":2},"end":{"line":70,"column":4}}},"fnMap":{"0":{"name":"(anonymous_0)","decl":{"start":{"line":14,"column":14},"end":{"line":14,"column":15}},"loc":{"start":{"line":14,"column":20},"end":{"line":71,"column":1}},"line":14},"1":{"name":"(anonymous_1)","decl":{"start":{"line":21,"column":16},"end":{"line":21,"column":17}},"loc":{"start":{"line":21,"column":43},"end":{"line":21,"column":78}},"line":21},"2":{"name":"(anonymous_2)","decl":{"start":{"line":22,"column":15},"end":{"line":22,"column":16}},"loc":{"start":{"line":22,"column":21},"end":{"line":27,"column":5}},"line":22},"3":{"name":"(anonymous_3)","decl":{"start":{"line":28,"column":13},"end":{"line":28,"column":14}},"loc":{"start":{"line":28,"column":34},"end":{"line":30,"column":5}},"line":28},"4":{"name":"(anonymous_4)","decl":{"start":{"line":33,"column":51},"end":{"line":33,"column":52}},"loc":{"start":{"line":33,"column":67},"end":{"line":35,"column":3}},"line":33}},"branchMap":{"0":{"loc":{"start":{"line":29,"column":18},"end":{"line":29,"column":65}},"type":"binary-expr","locations":[{"start":{"line":29,"column":18},"end":{"line":29,"column":47}},{"start":{"line":29,"column":51},"end":{"line":29,"column":65}}],"line":29},"1":{"loc":{"start":{"line":48,"column":11},"end":{"line":48,"column":60}},"type":"binary-expr","locations":[{"start":{"line":48,"column":11},"end":{"line":48,"column":22}},{"start":{"line":48,"column":26},"end":{"line":48,"column":60}}],"line":48},"2":{"loc":{"start":{"line":58,"column":11},"end":{"line":58,"column":68}},"type":"binary-expr","locations":[{"start":{"line":58,"column":11},"end":{"line":58,"column":26}},{"start":{"line":58,"column":30},"end":{"line":58,"column":68}}],"line":58},"3":{"loc":{"start":{"line":61,"column":11},"end":{"line":61,"column":48}},"type":"cond-expr","locations":[{"start":{"line":61,"column":23},"end":{"line":61,"column":38}},{"start":{"line":61,"column":41},"end":{"line":61,"column":48}}],"line":61}},"s":{"0":1,"1":7,"2":7,"3":7,"4":7,"5":2,"6":1,"7":1,"8":1,"9":7,"10":2,"11":7},"f":{"0":7,"1":2,"2":1,"3":1,"4":2},"b":{"0":[1,0],"1":[7,1],"2":[7,1],"3":[0,7]},"_coverageSchema":"1a1c01bbd47fc00a2c39e90264f33305004495a9","hash":"806b81a3705d719c1a7baef77c78b21b67bdd556"}
,"/Users/amitchauhan/Documents/code/todo-list/client/src/pages/profile/avatars.ts": {"path":"/Users/amitchauhan/Documents/code/todo-list/client/src/pages/profile/avatars.ts","statementMap":{"0":{"start":{"line":12,"column":28},"end":{"line":22,"column":1}}},"fnMap":{},"branchMap":{},"s":{"0":1},"f":{},"b":{},"_coverageSchema":"1a1c01bbd47fc00a2c39e90264f33305004495a9","hash":"e3a0fa159de718472f33916fb510d199f351fa0a"}
,"/Users/amitchauhan/Documents/code/todo-list/client/src/pages/profile/edit.tsx": {"path":"/Users/amitchauhan/Documents/code/todo-list/client/src/pages/profile/edit.tsx","statementMap":{"0":{"start":{"line":16,"column":48},"end":{"line":81,"column":1}},"1":{"start":{"line":17,"column":24},"end":{"line":17,"column":40}},"2":{"start":{"line":24,"column":8},"end":{"line":29,"column":6}},"3":{"start":{"line":31,"column":21},"end":{"line":39,"column":6}},"4":{"start":{"line":32,"column":37},"end":{"line":32,"column":60}},"5":{"start":{"line":34,"column":12},"end":{"line":34,"column":32}},"6":{"start":{"line":35,"column":12},"end":{"line":37,"column":14}},"7":{"start":{"line":41,"column":21},"end":{"line":43,"column":5}},"8":{"start":{"line":42,"column":8},"end":{"line":42,"column":34}},"9":{"start":{"line":45,"column":4},"end":{"line":80,"column":5}},"10":{"start":{"line":52,"column":24},"end":{"line":59,"column":30}},"11":{"start":{"line":54,"column":32},"end":{"line":57,"column":204}},"12":{"start":{"line":55,"column":36},"end":{"line":55,"column":57}},"13":{"start":{"line":56,"column":36},"end":{"line":56,"column":45}},"14":{"start":{"line":76,"column":49},"end":{"line":76,"column":68}}},"fnMap":{"0":{"name":"(anonymous_0)","decl":{"start":{"line":16,"column":48},"end":{"line":16,"column":49}},"loc":{"start":{"line":16,"column":95},"end":{"line":81,"column":1}},"line":16},"1":{"name":"(anonymous_1)","decl":{"start":{"line":32,"column":20},"end":{"line":32,"column":21}},"loc":{"start":{"line":32,"column":37},"end":{"line":32,"column":60}},"line":32},"2":{"name":"(anonymous_2)","decl":{"start":{"line":33,"column":19},"end":{"line":33,"column":20}},"loc":{"start":{"line":33,"column":25},"end":{"line":38,"column":9}},"line":33},"3":{"name":"(anonymous_3)","decl":{"start":{"line":41,"column":21},"end":{"line":41,"column":22}},"loc":{"start":{"line":41,"column":42},"end":{"line":43,"column":5}},"line":41},"4":{"name":"(anonymous_4)","decl":{"start":{"line":51,"column":28},"end":{"line":51,"column":29}},"loc":{"start":{"line":51,"column":72},"end":{"line":60,"column":21}},"line":51},"5":{"name":"(anonymous_5)","decl":{"start":{"line":53,"column":57},"end":{"line":53,"column":58}},"loc":{"start":{"line":53,"column":83},"end":{"line":58,"column":29}},"line":53},"6":{"name":"(anonymous_6)","decl":{"start":{"line":54,"column":116},"end":{"line":54,"column":117}},"loc":{"start":{"line":54,"column":122},"end":{"line":57,"column":33}},"line":54},"7":{"name":"(anonymous_7)","decl":{"start":{"line":76,"column":43},"end":{"line":76,"column":44}},"loc":{"start":{"line":76,"column":49},"end":{"line":76,"column":68}},"line":76}},"branchMap":{"0":{"loc":{"start":{"line":16,"column":65},"end":{"line":16,"column":75}},"type":"default-arg","locations":[{"start":{"line":16,"column":73},"end":{"line":16,"column":75}}],"line":16},"1":{"loc":{"start":{"line":16,"column":77},"end":{"line":16,"column":88}},"type":"default-arg","locations":[{"start":{"line":16,"column":86},"end":{"line":16,"column":88}}],"line":16},"2":{"loc":{"start":{"line":57,"column":76},"end":{"line":57,"column":130}},"type":"cond-expr","locations":[{"start":{"line":57,"column":99},"end":{"line":57,"column":125}},{"start":{"line":57,"column":128},"end":{"line":57,"column":130}}],"line":57},"3":{"loc":{"start":{"line":73,"column":17},"end":{"line":73,"column":62}},"type":"binary-expr","locations":[{"start":{"line":73,"column":17},"end":{"line":73,"column":29}},{"start":{"line":73,"column":33},"end":{"line":73,"column":62}}],"line":73}},"s":{"0":1,"1":1,"2":1,"3":1,"4":1,"5":1,"6":1,"7":1,"8":1,"9":1,"10":1,"11":9,"12":0,"13":0,"14":0},"f":{"0":1,"1":1,"2":1,"3":1,"4":1,"5":9,"6":0,"7":0},"b":{"0":[0],"1":[0],"2":[1,8],"3":[1,0]},"_coverageSchema":"1a1c01bbd47fc00a2c39e90264f33305004495a9","hash":"019a5859dd602a629d17c03bd9fbf3e3cde1d304"}
,"/Users/amitchauhan/Documents/code/todo-list/client/src/pages/profile/index.tsx": {"path":"/Users/amitchauhan/Documents/code/todo-list/client/src/pages/profile/index.tsx","statementMap":{"0":{"start":{"line":9,"column":26},"end":{"line":35,"column":1}},"1":{"start":{"line":10,"column":30},"end":{"line":13,"column":4}},"2":{"start":{"line":15,"column":36},"end":{"line":15,"column":51}},"3":{"start":{"line":17,"column":2},"end":{"line":19,"column":3}},"4":{"start":{"line":18,"column":4},"end":{"line":18,"column":33}},"5":{"start":{"line":21,"column":2},"end":{"line":34,"column":4}},"6":{"start":{"line":30,"column":60},"end":{"line":30,"column":78}}},"fnMap":{"0":{"name":"(anonymous_0)","decl":{"start":{"line":9,"column":26},"end":{"line":9,"column":27}},"loc":{"start":{"line":9,"column":32},"end":{"line":35,"column":1}},"line":9},"1":{"name":"(anonymous_1)","decl":{"start":{"line":30,"column":54},"end":{"line":30,"column":55}},"loc":{"start":{"line":30,"column":60},"end":{"line":30,"column":78}},"line":30}},"branchMap":{"0":{"loc":{"start":{"line":17,"column":2},"end":{"line":19,"column":3}},"type":"if","locations":[{"start":{"line":17,"column":2},"end":{"line":19,"column":3}},{"start":{},"end":{}}],"line":17},"1":{"loc":{"start":{"line":23,"column":7},"end":{"line":32,"column":7}},"type":"cond-expr","locations":[{"start":{"line":23,"column":19},"end":{"line":23,"column":114}},{"start":{"line":24,"column":8},"end":{"line":31,"column":14}}],"line":23},"2":{"loc":{"start":{"line":25,"column":11},"end":{"line":25,"column":213}},"type":"cond-expr","locations":[{"start":{"line":25,"column":67},"end":{"line":25,"column":152}},{"start":{"line":25,"column":155},"end":{"line":25,"column":213}}],"line":25},"3":{"loc":{"start":{"line":25,"column":14},"end":{"line":25,"column":63}},"type":"binary-expr","locations":[{"start":{"line":25,"column":14},"end":{"line":25,"column":32}},{"start":{"line":25,"column":36},"end":{"line":25,"column":63}}],"line":25}},"s":{"0":1,"1":6,"2":6,"3":6,"4":2,"5":4,"6":1},"f":{"0":6,"1":1},"b":{"0":[2,4],"1":[1,3],"2":[0,3],"3":[3,3]},"_coverageSchema":"1a1c01bbd47fc00a2c39e90264f33305004495a9","hash":"db9f00f01fed7e0e68265f274126df9359cc1cf1"}
,"/Users/amitchauhan/Documents/code/todo-list/client/src/pages/sign-up/index.tsx": {"path":"/Users/amitchauhan/Documents/code/todo-list/client/src/pages/sign-up/index.tsx","statementMap":{"0":{"start":{"line":15,"column":15},"end":{"line":82,"column":1}},"1":{"start":{"line":16,"column":19},"end":{"line":16,"column":32}},"2":{"start":{"line":17,"column":67},"end":{"line":17,"column":94}},"3":{"start":{"line":20,"column":32},"end":{"line":28,"column":4}},"4":{"start":{"line":21,"column":44},"end":{"line":21,"column":121}},"5":{"start":{"line":23,"column":6},"end":{"line":23,"column":25}},"6":{"start":{"line":26,"column":6},"end":{"line":26,"column":67}},"7":{"start":{"line":29,"column":52},"end":{"line":31,"column":3}},"8":{"start":{"line":30,"column":4},"end":{"line":30,"column":17}},"9":{"start":{"line":33,"column":19},"end":{"line":33,"column":36}},"10":{"start":{"line":35,"column":2},"end":{"line":81,"column":4}},"11":{"start":{"line":68,"column":33},"end":{"line":68,"column":79}}},"fnMap":{"0":{"name":"(anonymous_0)","decl":{"start":{"line":15,"column":15},"end":{"line":15,"column":16}},"loc":{"start":{"line":15,"column":21},"end":{"line":82,"column":1}},"line":15},"1":{"name":"(anonymous_1)","decl":{"start":{"line":21,"column":16},"end":{"line":21,"column":17}},"loc":{"start":{"line":21,"column":44},"end":{"line":21,"column":121}},"line":21},"2":{"name":"(anonymous_2)","decl":{"start":{"line":22,"column":15},"end":{"line":22,"column":16}},"loc":{"start":{"line":22,"column":21},"end":{"line":24,"column":5}},"line":22},"3":{"name":"(anonymous_3)","decl":{"start":{"line":25,"column":13},"end":{"line":25,"column":14}},"loc":{"start":{"line":25,"column":34},"end":{"line":27,"column":5}},"line":25},"4":{"name":"(anonymous_4)","decl":{"start":{"line":29,"column":52},"end":{"line":29,"column":53}},"loc":{"start":{"line":29,"column":62},"end":{"line":31,"column":3}},"line":29},"5":{"name":"(anonymous_5)","decl":{"start":{"line":68,"column":24},"end":{"line":68,"column":25}},"loc":{"start":{"line":68,"column":33},"end":{"line":68,"column":79}},"line":68}},"branchMap":{"0":{"loc":{"start":{"line":26,"column":18},"end":{"line":26,"column":65}},"type":"binary-expr","locations":[{"start":{"line":26,"column":18},"end":{"line":26,"column":47}},{"start":{"line":26,"column":51},"end":{"line":26,"column":65}}],"line":26},"1":{"loc":{"start":{"line":48,"column":11},"end":{"line":48,"column":60}},"type":"binary-expr","locations":[{"start":{"line":48,"column":11},"end":{"line":48,"column":22}},{"start":{"line":48,"column":26},"end":{"line":48,"column":60}}],"line":48},"2":{"loc":{"start":{"line":58,"column":11},"end":{"line":58,"column":68}},"type":"binary-expr","locations":[{"start":{"line":58,"column":11},"end":{"line":58,"column":26}},{"start":{"line":58,"column":30},"end":{"line":58,"column":68}}],"line":58},"3":{"loc":{"start":{"line":68,"column":33},"end":{"line":68,"column":79}},"type":"binary-expr","locations":[{"start":{"line":68,"column":33},"end":{"line":68,"column":51}},{"start":{"line":68,"column":55},"end":{"line":68,"column":79}}],"line":68},"4":{"loc":{"start":{"line":71,"column":11},"end":{"line":71,"column":82}},"type":"binary-expr","locations":[{"start":{"line":71,"column":11},"end":{"line":71,"column":33}},{"start":{"line":71,"column":37},"end":{"line":71,"column":82}}],"line":71},"5":{"loc":{"start":{"line":73,"column":52},"end":{"line":73,"column":88}},"type":"cond-expr","locations":[{"start":{"line":73,"column":64},"end":{"line":73,"column":76}},{"start":{"line":73,"column":79},"end":{"line":73,"column":88}}],"line":73}},"s":{"0":1,"1":12,"2":12,"3":12,"4":2,"5":1,"6":1,"7":12,"8":2,"9":12,"10":12,"11":3},"f":{"0":12,"1":2,"2":1,"3":1,"4":2,"5":3},"b":{"0":[1,0],"1":[12,1],"2":[12,1],"3":[3,1],"4":[12,2],"5":[0,12]},"_coverageSchema":"1a1c01bbd47fc00a2c39e90264f33305004495a9","hash":"8905396dec125d21285b344734c2e09942472ede"}
,"/Users/amitchauhan/Documents/code/todo-list/client/src/pages/todo-list/api.ts": {"path":"/Users/amitchauhan/Documents/code/todo-list/client/src/pages/todo-list/api.ts","statementMap":{"0":{"start":{"line":5,"column":26},"end":{"line":8,"column":1}},"1":{"start":{"line":6,"column":21},"end":{"line":6,"column":66}},"2":{"start":{"line":7,"column":4},"end":{"line":7,"column":16}},"3":{"start":{"line":10,"column":32},"end":{"line":11,"column":58}},"4":{"start":{"line":11,"column":4},"end":{"line":11,"column":58}},"5":{"start":{"line":13,"column":26},"end":{"line":13,"column":73}},"6":{"start":{"line":13,"column":42},"end":{"line":13,"column":73}}},"fnMap":{"0":{"name":"(anonymous_0)","decl":{"start":{"line":5,"column":26},"end":{"line":5,"column":27}},"loc":{"start":{"line":5,"column":80},"end":{"line":8,"column":1}},"line":5},"1":{"name":"(anonymous_1)","decl":{"start":{"line":10,"column":32},"end":{"line":10,"column":33}},"loc":{"start":{"line":11,"column":4},"end":{"line":11,"column":58}},"line":11},"2":{"name":"(anonymous_2)","decl":{"start":{"line":13,"column":26},"end":{"line":13,"column":27}},"loc":{"start":{"line":13,"column":42},"end":{"line":13,"column":73}},"line":13}},"branchMap":{},"s":{"0":1,"1":0,"2":0,"3":1,"4":0,"5":1,"6":0},"f":{"0":0,"1":0,"2":0},"b":{},"_coverageSchema":"1a1c01bbd47fc00a2c39e90264f33305004495a9","hash":"cdeee55c88fd9eb3ce443729adf436d4a6138ae3"}
,"/Users/amitchauhan/Documents/code/todo-list/client/src/pages/todo-list/constants.ts": {"path":"/Users/amitchauhan/Documents/code/todo-list/client/src/pages/todo-list/constants.ts","statementMap":{"0":{"start":{"line":4,"column":27},"end":{"line":4,"column":69}},"1":{"start":{"line":5,"column":30},"end":{"line":5,"column":71}},"2":{"start":{"line":7,"column":25},"end":{"line":11,"column":1}},"3":{"start":{"line":13,"column":24},"end":{"line":18,"column":1}}},"fnMap":{},"branchMap":{},"s":{"0":1,"1":1,"2":1,"3":1},"f":{},"b":{},"_coverageSchema":"1a1c01bbd47fc00a2c39e90264f33305004495a9","hash":"9d16786923071c51168c1260190298a9bfeab07c"}
,"/Users/amitchauhan/Documents/code/todo-list/client/src/pages/todo-list/index.tsx": {"path":"/Users/amitchauhan/Documents/code/todo-list/client/src/pages/todo-list/index.tsx","statementMap":{"0":{"start":{"line":12,"column":27},"end":{"line":85,"column":1}},"1":{"start":{"line":13,"column":30},"end":{"line":13,"column":42}},"2":{"start":{"line":14,"column":46},"end":{"line":14,"column":58}},"3":{"start":{"line":15,"column":46},"end":{"line":15,"column":66}},"4":{"start":{"line":17,"column":2},"end":{"line":23,"column":15}},"5":{"start":{"line":18,"column":20},"end":{"line":20,"column":11}},"6":{"start":{"line":19,"column":6},"end":{"line":19,"column":32}},"7":{"start":{"line":22,"column":4},"end":{"line":22,"column":39}},"8":{"start":{"line":22,"column":17},"end":{"line":22,"column":38}},"9":{"start":{"line":25,"column":22},"end":{"line":25,"column":38}},"10":{"start":{"line":26,"column":36},"end":{"line":29,"column":4}},"11":{"start":{"line":28,"column":19},"end":{"line":28,"column":81}},"12":{"start":{"line":31,"column":31},"end":{"line":40,"column":4}},"13":{"start":{"line":33,"column":6},"end":{"line":33,"column":36}},"14":{"start":{"line":35,"column":6},"end":{"line":35,"column":64}},"15":{"start":{"line":38,"column":6},"end":{"line":38,"column":48}},"16":{"start":{"line":42,"column":29},"end":{"line":50,"column":4}},"17":{"start":{"line":43,"column":32},"end":{"line":43,"column":46}},"18":{"start":{"line":45,"column":6},"end":{"line":45,"column":64}},"19":{"start":{"line":48,"column":6},"end":{"line":48,"column":41}},"20":{"start":{"line":52,"column":23},"end":{"line":54,"column":3}},"21":{"start":{"line":53,"column":4},"end":{"line":53,"column":50}},"22":{"start":{"line":56,"column":27},"end":{"line":58,"column":3}},"23":{"start":{"line":57,"column":4},"end":{"line":57,"column":34}},"24":{"start":{"line":60,"column":2},"end":{"line":64,"column":14}},"25":{"start":{"line":61,"column":4},"end":{"line":63,"column":5}},"26":{"start":{"line":62,"column":6},"end":{"line":62,"column":45}},"27":{"start":{"line":66,"column":2},"end":{"line":84,"column":4}},"28":{"start":{"line":74,"column":12},"end":{"line":79,"column":14}}},"fnMap":{"0":{"name":"(anonymous_0)","decl":{"start":{"line":12,"column":27},"end":{"line":12,"column":28}},"loc":{"start":{"line":12,"column":33},"end":{"line":85,"column":1}},"line":12},"1":{"name":"(anonymous_1)","decl":{"start":{"line":17,"column":12},"end":{"line":17,"column":13}},"loc":{"start":{"line":17,"column":18},"end":{"line":23,"column":3}},"line":17},"2":{"name":"(anonymous_2)","decl":{"start":{"line":18,"column":31},"end":{"line":18,"column":32}},"loc":{"start":{"line":18,"column":37},"end":{"line":20,"column":5}},"line":18},"3":{"name":"(anonymous_3)","decl":{"start":{"line":22,"column":11},"end":{"line":22,"column":12}},"loc":{"start":{"line":22,"column":17},"end":{"line":22,"column":38}},"line":22},"4":{"name":"(anonymous_4)","decl":{"start":{"line":28,"column":13},"end":{"line":28,"column":14}},"loc":{"start":{"line":28,"column":19},"end":{"line":28,"column":81}},"line":28},"5":{"name":"(anonymous_5)","decl":{"start":{"line":32,"column":16},"end":{"line":32,"column":17}},"loc":{"start":{"line":33,"column":6},"end":{"line":33,"column":36}},"line":33},"6":{"name":"(anonymous_6)","decl":{"start":{"line":34,"column":15},"end":{"line":34,"column":16}},"loc":{"start":{"line":34,"column":21},"end":{"line":36,"column":5}},"line":34},"7":{"name":"(anonymous_7)","decl":{"start":{"line":37,"column":13},"end":{"line":37,"column":14}},"loc":{"start":{"line":37,"column":19},"end":{"line":39,"column":5}},"line":37},"8":{"name":"(anonymous_8)","decl":{"start":{"line":43,"column":16},"end":{"line":43,"column":17}},"loc":{"start":{"line":43,"column":32},"end":{"line":43,"column":46}},"line":43},"9":{"name":"(anonymous_9)","decl":{"start":{"line":44,"column":15},"end":{"line":44,"column":16}},"loc":{"start":{"line":44,"column":21},"end":{"line":46,"column":5}},"line":44},"10":{"name":"(anonymous_10)","decl":{"start":{"line":47,"column":13},"end":{"line":47,"column":14}},"loc":{"start":{"line":47,"column":19},"end":{"line":49,"column":5}},"line":47},"11":{"name":"(anonymous_11)","decl":{"start":{"line":52,"column":23},"end":{"line":52,"column":24}},"loc":{"start":{"line":52,"column":55},"end":{"line":54,"column":3}},"line":52},"12":{"name":"(anonymous_12)","decl":{"start":{"line":56,"column":27},"end":{"line":56,"column":28}},"loc":{"start":{"line":56,"column":43},"end":{"line":58,"column":3}},"line":56},"13":{"name":"(anonymous_13)","decl":{"start":{"line":60,"column":12},"end":{"line":60,"column":13}},"loc":{"start":{"line":60,"column":18},"end":{"line":64,"column":3}},"line":60},"14":{"name":"(anonymous_14)","decl":{"start":{"line":73,"column":44},"end":{"line":73,"column":45}},"loc":{"start":{"line":74,"column":12},"end":{"line":79,"column":14}},"line":74}},"branchMap":{"0":{"loc":{"start":{"line":61,"column":4},"end":{"line":63,"column":5}},"type":"if","locations":[{"start":{"line":61,"column":4},"end":{"line":63,"column":5}},{"start":{},"end":{}}],"line":61},"1":{"loc":{"start":{"line":73,"column":11},"end":{"line":80,"column":69}},"type":"cond-expr","locations":[{"start":{"line":73,"column":30},"end":{"line":80,"column":12}},{"start":{"line":80,"column":15},"end":{"line":80,"column":69}}],"line":73}},"s":{"0":1,"1":10,"2":10,"3":10,"4":10,"5":4,"6":1,"7":4,"8":4,"9":10,"10":10,"11":6,"12":10,"13":1,"14":1,"15":0,"16":10,"17":1,"18":1,"19":0,"20":10,"21":1,"22":10,"23":1,"24":10,"25":3,"26":0,"27":10,"28":11},"f":{"0":10,"1":4,"2":1,"3":4,"4":6,"5":1,"6":1,"7":0,"8":1,"9":1,"10":0,"11":1,"12":1,"13":3,"14":11},"b":{"0":[0,3],"1":[6,4]},"_coverageSchema":"1a1c01bbd47fc00a2c39e90264f33305004495a9","hash":"3724a133a377c13e5b59c4c7e88bbe314f638f1a"}
,"/Users/amitchauhan/Documents/code/todo-list/client/src/pages/todo-list/search-input.tsx": {"path":"/Users/amitchauhan/Documents/code/todo-list/client/src/pages/todo-list/search-input.tsx","statementMap":{"0":{"start":{"line":8,"column":48},"end":{"line":12,"column":1}},"1":{"start":{"line":9,"column":4},"end":{"line":11,"column":6}},"2":{"start":{"line":10,"column":96},"end":{"line":10,"column":121}}},"fnMap":{"0":{"name":"(anonymous_0)","decl":{"start":{"line":8,"column":48},"end":{"line":8,"column":49}},"loc":{"start":{"line":8,"column":75},"end":{"line":12,"column":1}},"line":8},"1":{"name":"(anonymous_1)","decl":{"start":{"line":10,"column":89},"end":{"line":10,"column":90}},"loc":{"start":{"line":10,"column":96},"end":{"line":10,"column":121}},"line":10}},"branchMap":{},"s":{"0":1,"1":10,"2":1},"f":{"0":10,"1":1},"b":{},"_coverageSchema":"1a1c01bbd47fc00a2c39e90264f33305004495a9","hash":"35e81a5e30fd90d5b493a3442885ace1a146a50b"}
,"/Users/amitchauhan/Documents/code/todo-list/client/src/pages/todo-list/status-tab.tsx": {"path":"/Users/amitchauhan/Documents/code/todo-list/client/src/pages/todo-list/status-tab.tsx","statementMap":{"0":{"start":{"line":9,"column":46},"end":{"line":23,"column":1}},"1":{"start":{"line":10,"column":4},"end":{"line":22,"column":6}},"2":{"start":{"line":13,"column":16},"end":{"line":19,"column":25}},"3":{"start":{"line":16,"column":35},"end":{"line":16,"column":66}}},"fnMap":{"0":{"name":"(anonymous_0)","decl":{"start":{"line":9,"column":46},"end":{"line":9,"column":47}},"loc":{"start":{"line":9,"column":89},"end":{"line":23,"column":1}},"line":9},"1":{"name":"(anonymous_1)","decl":{"start":{"line":12,"column":26},"end":{"line":12,"column":27}},"loc":{"start":{"line":13,"column":16},"end":{"line":19,"column":25}},"line":13},"2":{"name":"(anonymous_2)","decl":{"start":{"line":16,"column":29},"end":{"line":16,"column":30}},"loc":{"start":{"line":16,"column":35},"end":{"line":16,"column":66}},"line":16}},"branchMap":{"0":{"loc":{"start":{"line":15,"column":34},"end":{"line":15,"column":91}},"type":"cond-expr","locations":[{"start":{"line":15,"column":68},"end":{"line":15,"column":86}},{"start":{"line":15,"column":89},"end":{"line":15,"column":91}}],"line":15}},"s":{"0":1,"1":10,"2":40,"3":0},"f":{"0":10,"1":40,"2":0},"b":{"0":[10,30]},"_coverageSchema":"1a1c01bbd47fc00a2c39e90264f33305004495a9","hash":"329d2107e3c1a4dd2bf0f61df844e3da6325ed30"}
,"/Users/amitchauhan/Documents/code/todo-list/client/src/pages/todo-list/todo-item.tsx": {"path":"/Users/amitchauhan/Documents/code/todo-list/client/src/pages/todo-list/todo-item.tsx","statementMap":{"0":{"start":{"line":19,"column":42},"end":{"line":37,"column":1}},"1":{"start":{"line":20,"column":4},"end":{"line":36,"column":6}},"2":{"start":{"line":28,"column":24},"end":{"line":30,"column":33}},"3":{"start":{"line":28,"column":96},"end":{"line":28,"column":128}},"4":{"start":{"line":32,"column":73},"end":{"line":32,"column":92}}},"fnMap":{"0":{"name":"(anonymous_0)","decl":{"start":{"line":19,"column":42},"end":{"line":19,"column":43}},"loc":{"start":{"line":19,"column":82},"end":{"line":37,"column":1}},"line":19},"1":{"name":"(anonymous_1)","decl":{"start":{"line":27,"column":59},"end":{"line":27,"column":60}},"loc":{"start":{"line":28,"column":24},"end":{"line":30,"column":33}},"line":28},"2":{"name":"(anonymous_2)","decl":{"start":{"line":28,"column":90},"end":{"line":28,"column":91}},"loc":{"start":{"line":28,"column":96},"end":{"line":28,"column":128}},"line":28},"3":{"name":"(anonymous_3)","decl":{"start":{"line":32,"column":67},"end":{"line":32,"column":68}},"loc":{"start":{"line":32,"column":73},"end":{"line":32,"column":92}},"line":32}},"branchMap":{},"s":{"0":1,"1":11,"2":16,"3":1,"4":1},"f":{"0":11,"1":16,"2":1,"3":1},"b":{},"_coverageSchema":"1a1c01bbd47fc00a2c39e90264f33305004495a9","hash":"8c5b88d3947f4fa7e958947af751f1fa2d35deff"}
}
