TN:
SF:src/constants.ts
FNF:0
FNH:0
LF:0
LH:0
BRF:0
BRH:0
end_of_record
TN:
SF:src/test-util.tsx
FN:6,(anonymous_0)
FNF:1
FNH:1
FNDA:18,(anonymous_0)
DA:6,5
DA:7,18
DA:8,18
LF:3
LH:3
BRF:0
BRH:0
end_of_record
TN:
SF:src/components/button/index.tsx
FN:7,(anonymous_0)
FNF:1
FNH:1
FNDA:50,(anonymous_0)
DA:7,4
DA:8,50
LF:2
LH:2
BRF:0
BRH:0
end_of_record
TN:
SF:src/components/input/index.tsx
FN:9,(anonymous_0)
FN:19,(anonymous_1)
FNF:2
FNH:2
FNDA:58,(anonymous_0)
FNDA:10,(anonymous_1)
DA:9,5
DA:10,58
DA:19,5
DA:20,10
LF:4
LH:4
BRDA:9,0,0,0
BRF:1
BRH:0
end_of_record
TN:
SF:src/pages/create-todo/api.ts
FN:3,(anonymous_0)
FNF:1
FNH:1
FNDA:2,(anonymous_0)
DA:3,1
DA:4,2
LF:2
LH:2
BRF:0
BRH:0
end_of_record
TN:
SF:src/pages/create-todo/index.tsx
FN:17,(anonymous_0)
FN:23,(anonymous_1)
FN:27,(anonymous_2)
FN:32,(anonymous_3)
FNF:4
FNH:4
FNDA:7,(anonymous_0)
FNDA:1,(anonymous_1)
FNDA:2,(anonymous_2)
FNDA:2,(anonymous_3)
DA:17,1
DA:18,7
DA:19,7
DA:21,7
DA:24,1
DA:25,0
DA:28,2
DA:32,7
DA:33,2
DA:36,7
LF:10
LH:9
BRDA:46,0,0,7
BRDA:46,0,1,1
BRDA:55,1,0,7
BRDA:55,1,1,1
BRF:4
BRH:4
end_of_record
TN:
SF:src/pages/login/index.tsx
FN:14,(anonymous_0)
FN:21,(anonymous_1)
FN:22,(anonymous_2)
FN:28,(anonymous_3)
FN:33,(anonymous_4)
FNF:5
FNH:5
FNDA:7,(anonymous_0)
FNDA:2,(anonymous_1)
FNDA:1,(anonymous_2)
FNDA:1,(anonymous_3)
FNDA:2,(anonymous_4)
DA:14,1
DA:15,7
DA:16,7
DA:18,7
DA:20,7
DA:21,2
DA:23,1
DA:26,1
DA:29,1
DA:33,7
DA:34,2
DA:37,7
LF:12
LH:12
BRDA:29,0,0,1
BRDA:29,0,1,0
BRDA:48,1,0,7
BRDA:48,1,1,1
BRDA:58,2,0,7
BRDA:58,2,1,1
BRDA:61,3,0,0
BRDA:61,3,1,7
BRF:8
BRH:6
end_of_record
TN:
SF:src/pages/profile/avatars.ts
FNF:0
FNH:0
DA:12,1
LF:1
LH:1
BRF:0
BRH:0
end_of_record
TN:
SF:src/pages/profile/edit.tsx
FN:16,(anonymous_0)
FN:32,(anonymous_1)
FN:33,(anonymous_2)
FN:41,(anonymous_3)
FN:51,(anonymous_4)
FN:53,(anonymous_5)
FN:54,(anonymous_6)
FN:76,(anonymous_7)
FNF:8
FNH:6
FNDA:1,(anonymous_0)
FNDA:1,(anonymous_1)
FNDA:1,(anonymous_2)
FNDA:1,(anonymous_3)
FNDA:1,(anonymous_4)
FNDA:9,(anonymous_5)
FNDA:0,(anonymous_6)
FNDA:0,(anonymous_7)
DA:16,1
DA:17,1
DA:24,1
DA:31,1
DA:32,1
DA:34,1
DA:35,1
DA:41,1
DA:42,1
DA:45,1
DA:52,1
DA:54,9
DA:55,0
DA:56,0
DA:76,0
LF:15
LH:12
BRDA:16,0,0,0
BRDA:16,1,0,0
BRDA:57,2,0,1
BRDA:57,2,1,8
BRDA:73,3,0,1
BRDA:73,3,1,0
BRF:6
BRH:3
end_of_record
TN:
SF:src/pages/profile/index.tsx
FN:9,(anonymous_0)
FN:30,(anonymous_1)
FNF:2
FNH:2
FNDA:6,(anonymous_0)
FNDA:1,(anonymous_1)
DA:9,1
DA:10,6
DA:15,6
DA:17,6
DA:18,2
DA:21,4
DA:30,1
LF:7
LH:7
BRDA:17,0,0,2
BRDA:17,0,1,4
BRDA:23,1,0,1
BRDA:23,1,1,3
BRDA:25,2,0,0
BRDA:25,2,1,3
BRDA:25,3,0,3
BRDA:25,3,1,3
BRF:8
BRH:7
end_of_record
TN:
SF:src/pages/sign-up/index.tsx
FN:15,(anonymous_0)
FN:21,(anonymous_1)
FN:22,(anonymous_2)
FN:25,(anonymous_3)
FN:29,(anonymous_4)
FN:68,(anonymous_5)
FNF:6
FNH:6
FNDA:12,(anonymous_0)
FNDA:2,(anonymous_1)
FNDA:1,(anonymous_2)
FNDA:1,(anonymous_3)
FNDA:2,(anonymous_4)
FNDA:3,(anonymous_5)
DA:15,1
DA:16,12
DA:17,12
DA:20,12
DA:21,2
DA:23,1
DA:26,1
DA:29,12
DA:30,2
DA:33,12
DA:35,12
DA:68,3
LF:12
LH:12
BRDA:26,0,0,1
BRDA:26,0,1,0
BRDA:48,1,0,12
BRDA:48,1,1,1
BRDA:58,2,0,12
BRDA:58,2,1,1
BRDA:68,3,0,3
BRDA:68,3,1,1
BRDA:71,4,0,12
BRDA:71,4,1,2
BRDA:73,5,0,0
BRDA:73,5,1,12
BRF:12
BRH:10
end_of_record
TN:
SF:src/pages/todo-list/api.ts
FN:5,(anonymous_0)
FN:10,(anonymous_1)
FN:13,(anonymous_2)
FNF:3
FNH:0
FNDA:0,(anonymous_0)
FNDA:0,(anonymous_1)
FNDA:0,(anonymous_2)
DA:5,1
DA:6,0
DA:7,0
DA:10,1
DA:11,0
DA:13,1
LF:6
LH:3
BRF:0
BRH:0
end_of_record
TN:
SF:src/pages/todo-list/constants.ts
FNF:0
FNH:0
DA:4,1
DA:5,1
DA:7,1
DA:13,1
LF:4
LH:4
BRF:0
BRH:0
end_of_record
TN:
SF:src/pages/todo-list/index.tsx
FN:12,(anonymous_0)
FN:17,(anonymous_1)
FN:18,(anonymous_2)
FN:22,(anonymous_3)
FN:28,(anonymous_4)
FN:32,(anonymous_5)
FN:34,(anonymous_6)
FN:37,(anonymous_7)
FN:43,(anonymous_8)
FN:44,(anonymous_9)
FN:47,(anonymous_10)
FN:52,(anonymous_11)
FN:56,(anonymous_12)
FN:60,(anonymous_13)
FN:73,(anonymous_14)
FNF:15
FNH:13
FNDA:10,(anonymous_0)
FNDA:4,(anonymous_1)
FNDA:1,(anonymous_2)
FNDA:4,(anonymous_3)
FNDA:6,(anonymous_4)
FNDA:1,(anonymous_5)
FNDA:1,(anonymous_6)
FNDA:0,(anonymous_7)
FNDA:1,(anonymous_8)
FNDA:1,(anonymous_9)
FNDA:0,(anonymous_10)
FNDA:1,(anonymous_11)
FNDA:1,(anonymous_12)
FNDA:3,(anonymous_13)
FNDA:11,(anonymous_14)
DA:12,1
DA:13,10
DA:14,10
DA:15,10
DA:17,10
DA:18,4
DA:19,1
DA:22,4
DA:25,10
DA:26,10
DA:28,6
DA:31,10
DA:33,1
DA:35,1
DA:38,0
DA:42,10
DA:43,1
DA:45,1
DA:48,0
DA:52,10
DA:53,1
DA:56,10
DA:57,1
DA:60,10
DA:61,3
DA:62,0
DA:66,10
DA:74,11
LF:28
LH:25
BRDA:61,0,0,0
BRDA:61,0,1,3
BRDA:73,1,0,6
BRDA:73,1,1,4
BRF:4
BRH:3
end_of_record
TN:
SF:src/pages/todo-list/search-input.tsx
FN:8,(anonymous_0)
FN:10,(anonymous_1)
FNF:2
FNH:2
FNDA:10,(anonymous_0)
FNDA:1,(anonymous_1)
DA:8,1
DA:9,10
DA:10,1
LF:3
LH:3
BRF:0
BRH:0
end_of_record
TN:
SF:src/pages/todo-list/status-tab.tsx
FN:9,(anonymous_0)
FN:12,(anonymous_1)
FN:16,(anonymous_2)
FNF:3
FNH:2
FNDA:10,(anonymous_0)
FNDA:40,(anonymous_1)
FNDA:0,(anonymous_2)
DA:9,1
DA:10,10
DA:13,40
DA:16,0
LF:4
LH:3
BRDA:15,0,0,10
BRDA:15,0,1,30
BRF:2
BRH:2
end_of_record
TN:
SF:src/pages/todo-list/todo-item.tsx
FN:19,(anonymous_0)
FN:27,(anonymous_1)
FN:28,(anonymous_2)
FN:32,(anonymous_3)
FNF:4
FNH:4
FNDA:11,(anonymous_0)
FNDA:16,(anonymous_1)
FNDA:1,(anonymous_2)
FNDA:1,(anonymous_3)
DA:19,1
DA:20,11
DA:28,16
DA:32,1
LF:4
LH:4
BRF:0
BRH:0
end_of_record
